<?xml version="1.0" encoding="UTF-8"?>
<!-- Generated by org.testng.reporters.JUnitReportReporter -->
<testsuite hostname="IN0SDANTURTHI3" failures="0" tests="1" name="com.RedBus.TestCases.HomePageTest" time="9.761" errors="0" timestamp="2022-04-13T15:49:13 IST" skipped="0">
  <testcase classname="com.RedBus.TestCases.HomePageTest" name="HomePageTest_TC001" time="9.761"/>
  <system-out/>
</testsuite> <!-- com.RedBus.TestCases.HomePageTest -->
